<?xml version="1.0" encoding="UTF-8"?>
<!-- Generated by org.testng.reporters.JUnitReportReporter -->
<testsuite hostname="Logueswar" failures="0" tests="1" name="learning.TC08_MutipleDropdowns" time="0.244" errors="0" timestamp="2025-09-20T18:21:40 IST" skipped="0">
  <testcase classname="learning.TC08_MutipleDropdowns" name="multipledopdowns" time="0.244"/>
</testsuite> <!-- learning.TC08_MutipleDropdowns -->
