<?xml version="1.0" encoding="UTF-8"?>
<!-- Generated by org.testng.reporters.JUnitReportReporter -->
<testsuite hostname="Logueswar" failures="0" tests="1" name="learning.TC37_Filedownloads" time="0.172" errors="0" timestamp="2025-09-24T13:40:41 IST" skipped="0">
  <testcase classname="learning.TC37_Filedownloads" name="test_filedownload" time="0.172"/>
</testsuite> <!-- learning.TC37_Filedownloads -->
