<?xml version="1.0" encoding="UTF-8"?>
<!-- Generated by org.testng.reporters.JUnitReportReporter -->
<testsuite hostname="Logueswar" failures="0" tests="1" name="learning.TC32_JavascriptExecutorMethods" time="0.056" errors="0" timestamp="2025-09-24T13:18:47 IST" skipped="0">
  <testcase classname="learning.TC32_JavascriptExecutorMethods" name="test_jsmethods" time="0.056"/>
</testsuite> <!-- learning.TC32_JavascriptExecutorMethods -->
