<?xml version="1.0" encoding="UTF-8"?>
<!-- Generated by org.testng.reporters.JUnitReportReporter -->
<testsuite hostname="Logueswar" failures="0" tests="1" name="learning.TC10_CheckboxSelection" time="0.243" errors="0" timestamp="2025-09-20T19:12:39 IST" skipped="0">
  <testcase classname="learning.TC10_CheckboxSelection" name="test_checkboxselection" time="0.243"/>
</testsuite> <!-- learning.TC10_CheckboxSelection -->
