<?xml version="1.0" encoding="UTF-8"?>
<!-- Generated by org.testng.reporters.JUnitReportReporter -->
<testsuite hostname="Logueswar" failures="0" tests="1" name="learning.TC24_DoubleClickUsingActions" time="0.453" errors="0" timestamp="2025-09-22T20:17:30 IST" skipped="0">
  <testcase classname="learning.TC24_DoubleClickUsingActions" name="test_Doubleclick" time="0.453"/>
</testsuite> <!-- learning.TC24_DoubleClickUsingActions -->
