<?xml version="1.0" encoding="UTF-8"?>
<!-- Generated by org.testng.reporters.JUnitReportReporter -->
<testsuite hostname="Logueswar" failures="0" tests="1" name="learning.TC02_ConditionalMethodsDisplayed" time="0.058" errors="0" timestamp="2025-09-20T15:59:31 IST" skipped="0">
  <testcase classname="learning.TC02_ConditionalMethodsDisplayed" name="verify_conditionalmethods" time="0.058"/>
</testsuite> <!-- learning.TC02_ConditionalMethodsDisplayed -->
