<?xml version="1.0" encoding="UTF-8"?>
<!-- Generated by org.testng.reporters.JUnitReportReporter -->
<testsuite hostname="Logueswar" failures="0" tests="1" name="learning.TC20_DatePicker" time="0.138" errors="0" timestamp="2025-09-22T19:14:44 IST" skipped="0">
  <testcase classname="learning.TC20_DatePicker" name="test_datepicker" time="0.138"/>
</testsuite> <!-- learning.TC20_DatePicker -->
