<?xml version="1.0" encoding="UTF-8"?>
<!-- Generated by org.testng.reporters.JUnitReportReporter -->
<testsuite hostname="Logueswar" failures="0" tests="1" name="learning.TC11_WindowHandles" time="15.730" errors="0" timestamp="2025-09-20T19:21:38 IST" skipped="0">
  <testcase classname="learning.TC11_WindowHandles" name="test_windowhandling" time="15.730"/>
</testsuite> <!-- learning.TC11_WindowHandles -->
