<?xml version="1.0" encoding="UTF-8"?>
<!-- Generated by org.testng.reporters.JUnitReportReporter -->
<testsuite hostname="Logueswar" failures="0" tests="1" name="learning.TC36_FileuploadsusingRobotClass" time="2.356" errors="0" timestamp="2025-09-24T13:36:34 IST" skipped="0">
  <testcase classname="learning.TC36_FileuploadsusingRobotClass" name="test_uploadusingrobot" time="2.356"/>
</testsuite> <!-- learning.TC36_FileuploadsusingRobotClass -->
