<?xml version="1.0" encoding="UTF-8"?>
<!-- Generated by org.testng.reporters.JUnitReportReporter -->
<testsuite hostname="Logueswar" failures="0" tests="1" name="learning.TC13_BrokenLinks" time="53.259" errors="0" timestamp="2025-09-23T19:44:49 IST" skipped="0">
  <testcase classname="learning.TC13_BrokenLinks" name="test_brokenlinks" time="53.259"/>
</testsuite> <!-- learning.TC13_BrokenLinks -->
