<?xml version="1.0" encoding="UTF-8"?>
<!-- Generated by org.testng.reporters.JUnitReportReporter -->
<testsuite hostname="Logueswar" failures="0" tests="1" name="learning.TC31_LocatingWebElement" time="0.174" errors="0" timestamp="2025-09-22T23:41:57 IST" skipped="0">
  <testcase classname="learning.TC31_LocatingWebElement" name="test_webelementlocation" time="0.174"/>
</testsuite> <!-- learning.TC31_LocatingWebElement -->
