<?xml version="1.0" encoding="UTF-8"?>
<!-- Generated by org.testng.reporters.JUnitReportReporter -->
<testsuite hostname="Logueswar" failures="0" tests="1" name="learning.TC16_FramesPractice" time="41.583" errors="0" timestamp="2025-09-21T19:23:20 IST" skipped="0">
  <testcase classname="learning.TC16_FramesPractice" name="test_frameshandling" time="41.583"/>
</testsuite> <!-- learning.TC16_FramesPractice -->
