<?xml version="1.0" encoding="UTF-8"?>
<!-- Generated by org.testng.reporters.JUnitReportReporter -->
<testsuite hostname="Logueswar" failures="0" tests="1" name="learning.TC27_SliderAction" time="1.036" errors="0" timestamp="2025-09-22T20:41:49 IST" skipped="0">
  <testcase classname="learning.TC27_SliderAction" name="test_slider" time="1.036"/>
</testsuite> <!-- learning.TC27_SliderAction -->
