<?xml version="1.0" encoding="UTF-8"?>
<!-- Generated by org.testng.reporters.JUnitReportReporter -->
<testsuite hostname="Logueswar" failures="0" tests="1" name="learning.TC06_BasicControls" time="0.264" errors="0" timestamp="2025-09-20T16:54:23 IST" skipped="0">
  <testcase classname="learning.TC06_BasicControls" name="verify_basiccontrols" time="0.264"/>
</testsuite> <!-- learning.TC06_BasicControls -->
