<?xml version="1.0" encoding="UTF-8"?>
<!-- Generated by org.testng.reporters.JUnitReportReporter -->
<testsuite hostname="Logueswar" failures="0" tests="1" name="learning.TC07_ClassicalDropdown" time="0.662" errors="0" timestamp="2025-09-20T17:11:11 IST" skipped="0">
  <testcase classname="learning.TC07_ClassicalDropdown" name="verify_dropdown" time="0.662"/>
</testsuite> <!-- learning.TC07_ClassicalDropdown -->
