<?xml version="1.0" encoding="UTF-8"?>
<!-- Generated by org.testng.reporters.JUnitReportReporter -->
<testsuite hostname="Logueswar" failures="0" tests="1" name="learning.TC23_CalendarRange" time="0.353" errors="0" timestamp="2025-09-22T20:05:20 IST" skipped="0">
  <testcase classname="learning.TC23_CalendarRange" name="test_rangeofdates" time="0.353"/>
</testsuite> <!-- learning.TC23_CalendarRange -->
