<?xml version="1.0" encoding="UTF-8"?>
<!-- Generated by org.testng.reporters.JUnitReportReporter -->
<testsuite hostname="Logueswar" failures="0" tests="1" name="learning.TC12_Openlink" time="7.586" errors="0" timestamp="2025-09-20T19:58:19 IST" skipped="0">
  <testcase classname="learning.TC12_Openlink" name="test_openlink" time="7.586"/>
</testsuite> <!-- learning.TC12_Openlink -->
