<?xml version="1.0" encoding="UTF-8"?>
<!-- Generated by org.testng.reporters.JUnitReportReporter -->
<testsuite hostname="Logueswar" failures="0" tests="1" name="learning.TC25_MouseHover" time="0.202" errors="0" timestamp="2025-09-22T20:23:16 IST" skipped="0">
  <testcase classname="learning.TC25_MouseHover" name="test_MouseHover" time="0.202"/>
</testsuite> <!-- learning.TC25_MouseHover -->
