<?xml version="1.0" encoding="UTF-8"?>
<!-- Generated by org.testng.reporters.JUnitReportReporter -->
<testsuite hostname="Logueswar" failures="0" tests="1" name="learning.TC18_StaticWebTable" time="1.535" errors="0" timestamp="2025-09-21T19:49:22 IST" skipped="0">
  <testcase classname="learning.TC18_StaticWebTable" name="test_staticwebtables" time="1.535"/>
</testsuite> <!-- learning.TC18_StaticWebTable -->
