<?xml version="1.0" encoding="UTF-8"?>
<!-- Generated by org.testng.reporters.JUnitReportReporter -->
<testsuite hostname="Logueswar" failures="0" tests="1" name="learning.TC35_MultipleFileUploads" time="0.210" errors="0" timestamp="2025-09-23T18:40:06 IST" skipped="0">
  <testcase classname="learning.TC35_MultipleFileUploads" name="test_multiplefileuploads" time="0.210"/>
</testsuite> <!-- learning.TC35_MultipleFileUploads -->
