<?xml version="1.0" encoding="UTF-8"?>
<!-- Generated by org.testng.reporters.JUnitReportReporter -->
<testsuite hostname="Logueswar" failures="0" tests="1" name="learning.TC17_ExplicitWaitDemo" time="16.275" errors="0" timestamp="2025-09-21T19:33:16 IST" skipped="0">
  <testcase classname="learning.TC17_ExplicitWaitDemo" name="test_explicitwaits" time="16.275"/>
</testsuite> <!-- learning.TC17_ExplicitWaitDemo -->
