<?xml version="1.0" encoding="UTF-8"?>
<!-- Generated by org.testng.reporters.JUnitReportReporter -->
<testsuite hostname="Logueswar" failures="0" tests="1" name="learning.TC14_AlertHandling" time="0.457" errors="0" timestamp="2025-09-20T20:29:22 IST" skipped="0">
  <testcase classname="learning.TC14_AlertHandling" name="testAlerts" time="0.457"/>
</testsuite> <!-- learning.TC14_AlertHandling -->
