<?xml version="1.0" encoding="UTF-8"?>
<!-- Generated by org.testng.reporters.JUnitReportReporter -->
<testsuite hostname="Logueswar" failures="0" tests="1" name="learning.TC15_AuthenticationPopup" time="1.730" errors="0" timestamp="2025-09-20T20:35:04 IST" skipped="0">
  <testcase classname="learning.TC15_AuthenticationPopup" name="test_authentication" time="1.730"/>
</testsuite> <!-- learning.TC15_AuthenticationPopup -->
