<?xml version="1.0" encoding="UTF-8"?>
<!-- Generated by org.testng.reporters.JUnitReportReporter -->
<testsuite hostname="Logueswar" failures="0" tests="1" name="learning.TC03_ConditionalMethodsSelected" time="0.154" errors="0" timestamp="2025-09-20T16:06:03 IST" skipped="0">
  <testcase classname="learning.TC03_ConditionalMethodsSelected" name="verify_selected" time="0.154"/>
</testsuite> <!-- learning.TC03_ConditionalMethodsSelected -->
