<?xml version="1.0" encoding="UTF-8"?>
<!-- Generated by org.testng.reporters.JUnitReportReporter -->
<testsuite hostname="Logueswar" failures="0" tests="1" name="learning.TC33_HandleCookies" time="0.033" errors="0" timestamp="2025-09-24T13:25:49 IST" skipped="0">
  <testcase classname="learning.TC33_HandleCookies" name="test_handlecookies" time="0.033"/>
</testsuite> <!-- learning.TC33_HandleCookies -->
