<?xml version="1.0" encoding="UTF-8"?>
<!-- Generated by org.testng.reporters.JUnitReportReporter -->
<testsuite hostname="Logueswar" failures="0" tests="1" name="learning.TC05_FindElements" time="1.651" errors="0" timestamp="2025-09-20T16:24:43 IST" skipped="0">
  <testcase classname="learning.TC05_FindElements" name="verify_findelements" time="1.651"/>
</testsuite> <!-- learning.TC05_FindElements -->
