<?xml version="1.0" encoding="UTF-8"?>
<!-- Generated by org.testng.reporters.JUnitReportReporter -->
<testsuite hostname="Logueswar" failures="0" tests="1" name="learning.TC09_GoogleSearchdropdown" time="0.276" errors="0" timestamp="2025-09-20T18:48:40 IST" skipped="0">
  <testcase classname="learning.TC09_GoogleSearchdropdown" name="test_autosearchdropdwon" time="0.276"/>
</testsuite> <!-- learning.TC09_GoogleSearchdropdown -->
