<?xml version="1.0" encoding="UTF-8"?>
<!-- Generated by org.testng.reporters.JUnitReportReporter -->
<testsuite hostname="Logueswar" failures="0" tests="1" name="learning.TC26_DragandDropAction" time="0.382" errors="0" timestamp="2025-09-22T20:27:32 IST" skipped="0">
  <testcase classname="learning.TC26_DragandDropAction" name="DargDropAction" time="0.382"/>
</testsuite> <!-- learning.TC26_DragandDropAction -->
