<?xml version="1.0" encoding="UTF-8"?>
<!-- Generated by org.testng.reporters.JUnitReportReporter -->
<testsuite hostname="Logueswar" failures="0" tests="1" name="learning.TC01_GetTitle_CurrentUrl" time="0.047" errors="0" timestamp="2025-09-20T15:52:39 IST" skipped="0">
  <testcase classname="learning.TC01_GetTitle_CurrentUrl" name="verify_title_url" time="0.047"/>
</testsuite> <!-- learning.TC01_GetTitle_CurrentUrl -->
