<?xml version="1.0" encoding="UTF-8"?>
<!-- Generated by org.testng.reporters.JUnitReportReporter -->
<testsuite hostname="Logueswar" failures="0" tests="1" name="learning.TC21_Calendarusingwhile" time="1.825" errors="0" timestamp="2025-09-22T19:35:59 IST" skipped="0">
  <testcase classname="learning.TC21_Calendarusingwhile" name="test_calendar" time="1.825"/>
</testsuite> <!-- learning.TC21_Calendarusingwhile -->
