<?xml version="1.0" encoding="UTF-8"?>
<!-- Generated by org.testng.reporters.JUnitReportReporter -->
<testsuite hostname="Logueswar" failures="0" tests="1" name="learning.TC04_NavigateMethods" time="3.571" errors="0" timestamp="2025-09-20T16:19:29 IST" skipped="0">
  <testcase classname="learning.TC04_NavigateMethods" name="verify_navigationmethods" time="3.571"/>
</testsuite> <!-- learning.TC04_NavigateMethods -->
