<?xml version="1.0" encoding="UTF-8"?>
<!-- Generated by org.testng.reporters.JUnitReportReporter -->
<testsuite hostname="Logueswar" failures="0" tests="1" name="learning.TC22_CalendarwithDropdown" time="10.398" errors="0" timestamp="2025-09-22T19:56:43 IST" skipped="0">
  <testcase classname="learning.TC22_CalendarwithDropdown" name="test_calendarwithdropdown" time="10.398"/>
</testsuite> <!-- learning.TC22_CalendarwithDropdown -->
