<?xml version="1.0" encoding="UTF-8"?>
<!-- Generated by org.testng.reporters.JUnitReportReporter -->
<testsuite hostname="Logueswar" failures="0" tests="1" name="learning.TC37_Filedownloads" time="0.182" errors="0" timestamp="2025-09-23T19:31:14 IST" skipped="0">
  <testcase classname="learning.TC37_Filedownloads" name="test_filedownload" time="0.182"/>
</testsuite> <!-- learning.TC37_Filedownloads -->
