<?xml version="1.0" encoding="UTF-8"?>
<!-- Generated by org.testng.reporters.JUnitReportReporter -->
<testsuite hostname="Logueswar" failures="0" tests="1" name="learning.TC09_GoogleSearchdropdown" time="1.550" errors="0" timestamp="2025-09-24T12:49:29 IST" skipped="0">
  <testcase classname="learning.TC09_GoogleSearchdropdown" name="test_autosearchdropdwon" time="1.550"/>
</testsuite> <!-- learning.TC09_GoogleSearchdropdown -->
