<?xml version="1.0" encoding="UTF-8"?>
<!-- Generated by org.testng.reporters.JUnitReportReporter -->
<testsuite hostname="Logueswar" failures="0" tests="1" name="learning.TC19_PaginationWebTable" time="2.294" errors="0" timestamp="2025-09-22T19:07:15 IST" skipped="0">
  <testcase classname="learning.TC19_PaginationWebTable" name="test_paginationwebtable" time="2.294"/>
</testsuite> <!-- learning.TC19_PaginationWebTable -->
