<?xml version="1.0" encoding="UTF-8"?>
<!-- Generated by org.testng.reporters.JUnitReportReporter -->
<testsuite hostname="Logueswar" failures="0" tests="1" name="learning.TC28_KeyBoardAction" time="0.920" errors="0" timestamp="2025-09-24T12:59:07 IST" skipped="0">
  <testcase classname="learning.TC28_KeyBoardAction" name="test_KeyboardActions" time="0.920"/>
</testsuite> <!-- learning.TC28_KeyBoardAction -->
