<?xml version="1.0" encoding="UTF-8"?>
<!-- Generated by org.testng.reporters.JUnitReportReporter -->
<testsuite hostname="Logueswar" failures="0" tests="1" name="learning.TC34_FileUploads" time="0.190" errors="0" timestamp="2025-09-23T18:30:51 IST" skipped="0">
  <testcase classname="learning.TC34_FileUploads" name="test_fileuploads" time="0.190"/>
</testsuite> <!-- learning.TC34_FileUploads -->
