<?xml version="1.0" encoding="UTF-8"?>
<!-- Generated by org.testng.reporters.JUnitReportReporter -->
<testsuite hostname="Logueswar" failures="0" tests="1" name="learning.TC29_TakeScreenshot" time="0.281" errors="0" timestamp="2025-09-22T23:10:59 IST" skipped="0">
  <testcase classname="learning.TC29_TakeScreenshot" name="test_screenshot" time="0.281"/>
</testsuite> <!-- learning.TC29_TakeScreenshot -->
