<?xml version="1.0" encoding="UTF-8"?>
<!-- Generated by org.testng.reporters.JUnitReportReporter -->
<testsuite hostname="Logueswar" failures="0" tests="1" name="learning.TC30_OpenlinkinTab_Window" time="4.132" errors="0" timestamp="2025-09-22T23:32:27 IST" skipped="0">
  <testcase classname="learning.TC30_OpenlinkinTab_Window" name="test_openweblink" time="4.132"/>
</testsuite> <!-- learning.TC30_OpenlinkinTab_Window -->
